<?xml version="1.0" encoding="UTF-8"?>
<testng-results ignored="0" total="1" passed="1" failed="0" skipped="0">
  <reporter-output>
  </reporter-output>
  <suite started-at="2024-06-05T23:19:15 IST" name="Default suite" finished-at="2024-06-05T23:19:39 IST" duration-ms="24082">
    <groups>
    </groups>
    <test started-at="2024-06-05T23:19:15 IST" name="Default test" finished-at="2024-06-05T23:19:39 IST" duration-ms="24082">
      <class name="testPackage.InsuranceTest">
        <test-method signature="BuyInsurance()[pri:0, instance:testPackage.InsuranceTest@1283bb96]" started-at="2024-06-05T23:19:15 IST" name="BuyInsurance" finished-at="2024-06-05T23:19:39 IST" duration-ms="23966" status="PASS">
          <reporter-output>
          </reporter-output>
        </test-method> <!-- BuyInsurance -->
      </class> <!-- testPackage.InsuranceTest -->
    </test> <!-- Default test -->
  </suite> <!-- Default suite -->
</testng-results>
